[0305/140525:INFO:CONSOLE(97)] "[Report Only] Refused to apply inline style because it violates the following Content Security Policy directive: "default-src 'self'". Either the 'unsafe-inline' keyword, a hash ('sha256-sCi0B3wc/vfXE9P6I6phPdiJae7zjeuXHqR++uwv+VE='), or a nonce ('nonce-...') is required to enable inline execution. Note also that 'style-src' was not explicitly set, so 'default-src' is used as a fallback.
", source: https://www.altium.com/ad-start (97)
[0305/140525:INFO:CONSOLE(99)] "[Report Only] Refused to apply inline style because it violates the following Content Security Policy directive: "default-src 'self'". Either the 'unsafe-inline' keyword, a hash ('sha256-sCi0B3wc/vfXE9P6I6phPdiJae7zjeuXHqR++uwv+VE='), or a nonce ('nonce-...') is required to enable inline execution. Note also that 'style-src' was not explicitly set, so 'default-src' is used as a fallback.
", source: https://www.altium.com/ad-start (99)
[0305/140525:INFO:CONSOLE(113)] "[Report Only] Refused to execute inline script because it violates the following Content Security Policy directive: "default-src 'self'". Either the 'unsafe-inline' keyword, a hash ('sha256-7jjiHjsngYNMXK1A5PJQ+6CxDp9rzcSKCHyUB05DAlI='), or a nonce ('nonce-...') is required to enable inline execution. Note also that 'script-src' was not explicitly set, so 'default-src' is used as a fallback.
", source: https://www.altium.com/ad-start (113)
[0305/140525:INFO:CONSOLE(176)] "[Report Only] Refused to apply inline style because it violates the following Content Security Policy directive: "default-src 'self'". Either the 'unsafe-inline' keyword, a hash ('sha256-9ifvWSfBhB3VCi1vNujhJ1HWnI9fz1I4WDTb4J7SjBo='), or a nonce ('nonce-...') is required to enable inline execution. Note also that 'style-src' was not explicitly set, so 'default-src' is used as a fallback.
", source: https://www.altium.com/ad-start (176)
[0310/130650:INFO:CONSOLE(97)] "[Report Only] Refused to apply inline style because it violates the following Content Security Policy directive: "default-src 'self'". Either the 'unsafe-inline' keyword, a hash ('sha256-sCi0B3wc/vfXE9P6I6phPdiJae7zjeuXHqR++uwv+VE='), or a nonce ('nonce-...') is required to enable inline execution. Note also that 'style-src' was not explicitly set, so 'default-src' is used as a fallback.
", source: https://www.altium.com/ad-start (97)
[0310/130650:INFO:CONSOLE(99)] "[Report Only] Refused to apply inline style because it violates the following Content Security Policy directive: "default-src 'self'". Either the 'unsafe-inline' keyword, a hash ('sha256-sCi0B3wc/vfXE9P6I6phPdiJae7zjeuXHqR++uwv+VE='), or a nonce ('nonce-...') is required to enable inline execution. Note also that 'style-src' was not explicitly set, so 'default-src' is used as a fallback.
", source: https://www.altium.com/ad-start (99)
[0310/130650:INFO:CONSOLE(113)] "[Report Only] Refused to execute inline script because it violates the following Content Security Policy directive: "default-src 'self'". Either the 'unsafe-inline' keyword, a hash ('sha256-7jjiHjsngYNMXK1A5PJQ+6CxDp9rzcSKCHyUB05DAlI='), or a nonce ('nonce-...') is required to enable inline execution. Note also that 'script-src' was not explicitly set, so 'default-src' is used as a fallback.
", source: https://www.altium.com/ad-start (113)
[0310/130650:INFO:CONSOLE(176)] "[Report Only] Refused to apply inline style because it violates the following Content Security Policy directive: "default-src 'self'". Either the 'unsafe-inline' keyword, a hash ('sha256-9ifvWSfBhB3VCi1vNujhJ1HWnI9fz1I4WDTb4J7SjBo='), or a nonce ('nonce-...') is required to enable inline execution. Note also that 'style-src' was not explicitly set, so 'default-src' is used as a fallback.
", source: https://www.altium.com/ad-start (176)
[0310/170113:INFO:CONSOLE(97)] "[Report Only] Refused to apply inline style because it violates the following Content Security Policy directive: "default-src 'self'". Either the 'unsafe-inline' keyword, a hash ('sha256-sCi0B3wc/vfXE9P6I6phPdiJae7zjeuXHqR++uwv+VE='), or a nonce ('nonce-...') is required to enable inline execution. Note also that 'style-src' was not explicitly set, so 'default-src' is used as a fallback.
", source: https://www.altium.com/ad-start (97)
[0310/170113:INFO:CONSOLE(99)] "[Report Only] Refused to apply inline style because it violates the following Content Security Policy directive: "default-src 'self'". Either the 'unsafe-inline' keyword, a hash ('sha256-sCi0B3wc/vfXE9P6I6phPdiJae7zjeuXHqR++uwv+VE='), or a nonce ('nonce-...') is required to enable inline execution. Note also that 'style-src' was not explicitly set, so 'default-src' is used as a fallback.
", source: https://www.altium.com/ad-start (99)
[0310/170113:INFO:CONSOLE(113)] "[Report Only] Refused to execute inline script because it violates the following Content Security Policy directive: "default-src 'self'". Either the 'unsafe-inline' keyword, a hash ('sha256-7jjiHjsngYNMXK1A5PJQ+6CxDp9rzcSKCHyUB05DAlI='), or a nonce ('nonce-...') is required to enable inline execution. Note also that 'script-src' was not explicitly set, so 'default-src' is used as a fallback.
", source: https://www.altium.com/ad-start (113)
[0310/170113:INFO:CONSOLE(176)] "[Report Only] Refused to apply inline style because it violates the following Content Security Policy directive: "default-src 'self'". Either the 'unsafe-inline' keyword, a hash ('sha256-9ifvWSfBhB3VCi1vNujhJ1HWnI9fz1I4WDTb4J7SjBo='), or a nonce ('nonce-...') is required to enable inline execution. Note also that 'style-src' was not explicitly set, so 'default-src' is used as a fallback.
", source: https://www.altium.com/ad-start (176)
[0316/143356:INFO:CONSOLE(0)] "The Content Security Policy directive 'upgrade-insecure-requests' is ignored when delivered in a report-only policy.", source: https://www.altium.com/ad-start (0)
[0316/143356:INFO:CONSOLE(0)] "The source list for Content Security Policy directive 'script-src' contains an invalid source: ''report-sample''. It will be ignored.", source: https://www.altium.com/ad-start (0)
[0316/143356:INFO:CONSOLE(0)] "The source list for Content Security Policy directive 'style-src' contains an invalid source: ''report-sample''. It will be ignored.", source: https://www.altium.com/ad-start (0)
[0316/143356:INFO:CONSOLE(0)] "Unrecognized Content-Security-Policy directive 'worker-src'.
", source: https://www.altium.com/ad-start (0)
[0325/104635:INFO:CONSOLE(0)] "The source list for Content Security Policy directive 'script-src' contains an invalid source: ''report-sample''. It will be ignored.", source: https://www.altium.com/ad-start (0)
[0325/104635:INFO:CONSOLE(0)] "The source list for Content Security Policy directive 'style-src' contains an invalid source: ''report-sample''. It will be ignored.", source: https://www.altium.com/ad-start (0)
[0325/104635:INFO:CONSOLE(0)] "Unrecognized Content-Security-Policy directive 'worker-src'.
", source: https://www.altium.com/ad-start (0)
