Removed Pin From Net: NetName=GND Pin=C40-1
Removed Pin From Net: NetName=GND Pin=C41-1
Removed Pin From Net: NetName=VCC Pin=C42-1
Removed Pin From Net: NetName=GND Pin=C42-2
Removed Pin From Net: NetName=VCC2 Pin=C43-1
Removed Pin From Net: NetName=GND Pin=C43-2
Removed Pin From Net: NetName=GND Pin=U2-1
Removed Pin From Net: NetName=VCC Pin=U2-2
Removed Pin From Net: NetName=GND Pin=U3-1
Removed Pin From Net: NetName=VCC2 Pin=U3-2
Removed Member From Class: ClassName=Spannungsversorgung Member=C40
Removed Member From Class: ClassName=Spannungsversorgung Member=C41
Removed Member From Class: ClassName=Spannungsversorgung Member=C42
Removed Member From Class: ClassName=Spannungsversorgung Member=C43
Removed Member From Class: ClassName=Spannungsversorgung Member=U2
Removed Member From Class: ClassName=Spannungsversorgung Member=U3
Added Pin To Net: NetName=GND Pin=J1-1
Added Pin To Net: NetName=GND Pin=J1-2
Added Pin To Net: NetName=GND Pin=ST5-1
Added Pin To Net: NetName=GND Pin=ST5-2
