Removed Pin From Net: NetName=GND Pin=C38-1
Removed Pin From Net: NetName=VCC2 Pin=C38-2
Removed Pin From Net: NetName=VCC2 Pin=C39-1
Removed Pin From Net: NetName=GND Pin=C39-2
Removed Pin From Net: NetName=VCC2 Pin=R22-2
Removed Pin From Net: NetName=NetMC1_119 Pin=R23-2
Removed Pin From Net: NetName=GND Pin=R24-1
Removed Pin From Net: NetName=VCC2 Pin=T1-1
Removed Pin From Net: NetName=VCC2 Pin=T1-2
Removed Pin From Net: NetName=VCC2 Pin=T1-3
Removed Pin From Net: NetName=GND Pin=T2-2
Removed Member From Class: ClassName=Spannungsversorgung Member=C38
Removed Member From Class: ClassName=Spannungsversorgung Member=C39
Removed Member From Class: ClassName=Spannungsversorgung Member=R22
Removed Member From Class: ClassName=Spannungsversorgung Member=R23
Removed Member From Class: ClassName=Spannungsversorgung Member=R24
Removed Member From Class: ClassName=Spannungsversorgung Member=T1
Removed Member From Class: ClassName=Spannungsversorgung Member=T2
Added Pin To Net: NetName=+12V Pin=J1-1
Added Pin To Net: NetName=+12V Pin=J1-2
Added Pin To Net: NetName=GND Pin=J1-3
Added Pin To Net: NetName=GND Pin=J1-4
Added Pin To Net: NetName=VCC Pin=J1-5
Added Pin To Net: NetName=VCC Pin=J1-6
Added Pin To Net: NetName=VCC2 Pin=J1-7
Added Pin To Net: NetName=VCC2 Pin=J1-8
Added Pin To Net: NetName=+12V Pin=ST5-1
Added Pin To Net: NetName=+12V Pin=ST5-2
Added Pin To Net: NetName=GND Pin=ST5-3
Added Pin To Net: NetName=GND Pin=ST5-4
Added Pin To Net: NetName=VCC Pin=ST5-5
Added Pin To Net: NetName=VCC Pin=ST5-6
Added Pin To Net: NetName=VCC2 Pin=ST5-7
Added Pin To Net: NetName=VCC2 Pin=ST5-8
Added Pin To Net: NetName=NetJ1_9 Pin=J1-9
Added Pin To Net: NetName=NetJ1_9 Pin=MC1-121
Added Pin To Net: NetName=NetJ1_9 Pin=ST5-9
Added Net: Name=NetJ1_9
Added Pin To Net: NetName=NetJ1_10 Pin=J1-10
Added Pin To Net: NetName=NetJ1_10 Pin=MC1-120
Added Pin To Net: NetName=NetJ1_10 Pin=ST5-10
Added Net: Name=NetJ1_10
