Added Component: Designator=BATT1(KnopfzellenhalterCR2032)
Add component. Clean all parameters for all variants
Added Component: Designator=C1(C0603)
Add component. Clean all parameters for all variants
Added Component: Designator=C2(C0603)
Add component. Clean all parameters for all variants
Added Component: Designator=C3(C0603)
Add component. Clean all parameters for all variants
Added Component: Designator=C4(C0603)
Add component. Clean all parameters for all variants
Added Component: Designator=C5(C0603)
Add component. Clean all parameters for all variants
Added Component: Designator=C6(C0603)
Add component. Clean all parameters for all variants
Added Component: Designator=C7(C0603)
Add component. Clean all parameters for all variants
Added Component: Designator=C8(C0603)
Add component. Clean all parameters for all variants
Added Component: Designator=C9(C0603)
Add component. Clean all parameters for all variants
Added Component: Designator=C10(Alu-Elko4x5)
Add component. Clean all parameters for all variants
Added Component: Designator=C11(C0603)
Add component. Clean all parameters for all variants
Added Component: Designator=C12(Alu-Elko4x5)
Add component. Clean all parameters for all variants
Added Component: Designator=C13(C0603)
Add component. Clean all parameters for all variants
Added Component: Designator=C14(C0603)
Add component. Clean all parameters for all variants
Added Component: Designator=C15(C0603)
Add component. Clean all parameters for all variants
Added Component: Designator=C16(C0603)
Add component. Clean all parameters for all variants
Added Component: Designator=C17(C0603)
Add component. Clean all parameters for all variants
Added Component: Designator=C18(C0603)
Add component. Clean all parameters for all variants
Added Component: Designator=C19(C0603)
Add component. Clean all parameters for all variants
Added Component: Designator=C20(C0603)
Add component. Clean all parameters for all variants
Added Component: Designator=C21(C0603)
Add component. Clean all parameters for all variants
Added Component: Designator=C22(C0603)
Add component. Clean all parameters for all variants
Added Component: Designator=C23(C0603)
Add component. Clean all parameters for all variants
Added Component: Designator=C24(C0603)
Add component. Clean all parameters for all variants
Added Component: Designator=C25(C0603)
Add component. Clean all parameters for all variants
Added Component: Designator=C26(C0603)
Add component. Clean all parameters for all variants
Added Component: Designator=C27(C0603)
Add component. Clean all parameters for all variants
Added Component: Designator=C28(C0603)
Add component. Clean all parameters for all variants
Added Component: Designator=C29(C0603)
Add component. Clean all parameters for all variants
Added Component: Designator=C30(CB)
Add component. Clean all parameters for all variants
Added Component: Designator=C31(C0603)
Add component. Clean all parameters for all variants
Added Component: Designator=C32(C0603)
Add component. Clean all parameters for all variants
Added Component: Designator=C33(C1206)
Add component. Clean all parameters for all variants
Added Component: Designator=C34(C1206)
Add component. Clean all parameters for all variants
Added Component: Designator=C35(C0603)
Add component. Clean all parameters for all variants
Added Component: Designator=C36(C0603)
Add component. Clean all parameters for all variants
Added Component: Designator=C37(C0603)
Add component. Clean all parameters for all variants
Added Component: Designator=C40(C0603)
Add component. Clean all parameters for all variants
Added Component: Designator=C41(C0603)
Add component. Clean all parameters for all variants
Added Component: Designator=C42(RADIAL_RM3.8)
Add component. Clean all parameters for all variants
Added Component: Designator=C43(RADIAL_RM3.8)
Add component. Clean all parameters for all variants
Added Component: Designator=D1(Minimelf)
Add component. Clean all parameters for all variants
Added Component: Designator=D2(Minimelf)
Add component. Clean all parameters for all variants
Added Component: Designator=D3(DO214AC/SMA)
Add component. Clean all parameters for all variants
Added Component: Designator=D4(DO214AC/SMA)
Add component. Clean all parameters for all variants
Added Component: Designator=D5(DO214AC/SMA)
Add component. Clean all parameters for all variants
Added Component: Designator=IC1(SOP2-8-208 (SO8W))
Add component. Clean all parameters for all variants
Added Component: Designator=IC3(SOT23-5)
Add component. Clean all parameters for all variants
Added Component: Designator=J1(JUMPER1/10)
Add component. Clean all parameters for all variants
Added Component: Designator=L1(P8X9)
Add component. Clean all parameters for all variants
Added Component: Designator=Q1(HC49)
Add component. Clean all parameters for all variants
Added Component: Designator=Q2(HC49S4SMD)
Add component. Clean all parameters for all variants
Added Component: Designator=Q3(SMD Uhrenquarz klein)
Add component. Clean all parameters for all variants
Added Component: Designator=Q4(QK032)
Add component. Clean all parameters for all variants
Added Component: Designator=R1(R0603)
Add component. Clean all parameters for all variants
Added Component: Designator=R2(R0603)
Add component. Clean all parameters for all variants
Added Component: Designator=R3(R0603)
Add component. Clean all parameters for all variants
Added Component: Designator=R4(R0603)
Add component. Clean all parameters for all variants
Added Component: Designator=R5(R0603)
Add component. Clean all parameters for all variants
Added Component: Designator=R6(R0603)
Add component. Clean all parameters for all variants
Added Component: Designator=R7(R0603)
Add component. Clean all parameters for all variants
Added Component: Designator=R8(R0603)
Add component. Clean all parameters for all variants
Added Component: Designator=R9(R0603)
Add component. Clean all parameters for all variants
Added Component: Designator=R10(R0603)
Add component. Clean all parameters for all variants
Added Component: Designator=R11(R0603)
Add component. Clean all parameters for all variants
Added Component: Designator=R12(R0603)
Add component. Clean all parameters for all variants
Added Component: Designator=R13(R0603)
Add component. Clean all parameters for all variants
Added Component: Designator=R14(R0603)
Add component. Clean all parameters for all variants
Added Component: Designator=R15(R0603)
Add component. Clean all parameters for all variants
Added Component: Designator=R16(R0603)
Add component. Clean all parameters for all variants
Added Component: Designator=R17(R0603)
Add component. Clean all parameters for all variants
Added Component: Designator=R18(R0603)
Add component. Clean all parameters for all variants
Added Component: Designator=R19(R0603)
Add component. Clean all parameters for all variants
Added Component: Designator=R20(R0603)
Add component. Clean all parameters for all variants
Added Component: Designator=R21(R0603)
Add component. Clean all parameters for all variants
Added Component: Designator=S1(DTS62)
Add component. Clean all parameters for all variants
Added Component: Designator=ST1(Micro_USB_B)
Add component. Clean all parameters for all variants
Added Component: Designator=ST2(NADELADAPTER-10)
Add component. Clean all parameters for all variants
Added Component: Designator=ST5(WLEISTE10_GERADE)
Add component. Clean all parameters for all variants
Added Component: Designator=U2(TO-220-L)
Add component. Clean all parameters for all variants
Added Component: Designator=U3(TO-220-L)
Add component. Clean all parameters for all variants
Added Pin To Net: NetName=GND Pin=BATT1-1
Added Pin To Net: NetName=NetBATT1_2 Pin=BATT1-2
Added Pin To Net: NetName=GND Pin=C1-1
Added Pin To Net: NetName=VCC Pin=C1-2
Added Pin To Net: NetName=GND Pin=C2-1
Added Pin To Net: NetName=VCC Pin=C2-2
Added Pin To Net: NetName=GND Pin=C3-1
Added Pin To Net: NetName=VCC Pin=C3-2
Added Pin To Net: NetName=GND Pin=C4-1
Added Pin To Net: NetName=VCC Pin=C4-2
Added Pin To Net: NetName=GND Pin=C5-1
Added Pin To Net: NetName=VCC Pin=C5-2
Added Pin To Net: NetName=GND Pin=C6-1
Added Pin To Net: NetName=VCC Pin=C6-2
Added Pin To Net: NetName=GND Pin=C7-1
Added Pin To Net: NetName=VCC Pin=C7-2
Added Pin To Net: NetName=GND Pin=C8-1
Added Pin To Net: NetName=VCC Pin=C8-2
Added Pin To Net: NetName=GND Pin=C9-1
Added Pin To Net: NetName=VCC Pin=C9-2
Added Pin To Net: NetName=VCC Pin=C10-1
Added Pin To Net: NetName=GND Pin=C10-2
Added Pin To Net: NetName=GND Pin=C11-1
Added Pin To Net: NetName=VCC Pin=C11-2
Added Pin To Net: NetName=VCC Pin=C12-1
Added Pin To Net: NetName=GND Pin=C12-2
Added Pin To Net: NetName=GND Pin=C13-1
Added Pin To Net: NetName=VCC Pin=C13-2
Added Pin To Net: NetName=GND Pin=C14-1
Added Pin To Net: NetName=VCC Pin=C14-2
Added Pin To Net: NetName=GND Pin=C15-1
Added Pin To Net: NetName=VCC Pin=C15-2
Added Pin To Net: NetName=GND Pin=C16-1
Added Pin To Net: NetName=VCC Pin=C16-2
Added Pin To Net: NetName=GND Pin=C17-1
Added Pin To Net: NetName=VCC Pin=C17-2
Added Pin To Net: NetName=GND Pin=C18-1
Added Pin To Net: NetName=VCC Pin=C18-2
Added Pin To Net: NetName=GND Pin=C19-1
Added Pin To Net: NetName=VCC Pin=C19-2
Added Pin To Net: NetName=GND Pin=C20-1
Added Pin To Net: NetName=VCC Pin=C20-2
Added Pin To Net: NetName=GND Pin=C21-1
Added Pin To Net: NetName=VCC Pin=C21-2
Added Pin To Net: NetName=GND Pin=C22-1
Added Pin To Net: NetName=VCC Pin=C22-2
Added Pin To Net: NetName=GND Pin=C23-1
Added Pin To Net: NetName=VCC Pin=C23-2
Added Pin To Net: NetName=GND Pin=C24-1
Added Pin To Net: NetName=VCC Pin=C24-2
Added Pin To Net: NetName=GND Pin=C25-1
Added Pin To Net: NetName=VCC Pin=C25-2
Added Pin To Net: NetName=GND Pin=C26-1
Added Pin To Net: NetName=VCC Pin=C26-2
Added Pin To Net: NetName=GND Pin=C27-1
Added Pin To Net: NetName=NetC27_2 Pin=C27-2
Added Pin To Net: NetName=GND Pin=C28-1
Added Pin To Net: NetName=NetC28_2 Pin=C28-2
Added Pin To Net: NetName=GND Pin=C29-1
Added Pin To Net: NetName=NetC29_2 Pin=C29-2
Added Pin To Net: NetName=GND Pin=C30-1
Added Pin To Net: NetName=VCC2 Pin=C30-2
Added Pin To Net: NetName=GND Pin=C31-1
Added Pin To Net: NetName=VCC2 Pin=C31-2
Added Pin To Net: NetName=GND Pin=C32-1
Added Pin To Net: NetName=VCC2 Pin=C32-2
Added Pin To Net: NetName=NetC33_1 Pin=C33-1
Added Pin To Net: NetName=GND Pin=C33-2
Added Pin To Net: NetName=NetC34_1 Pin=C34-1
Added Pin To Net: NetName=GND Pin=C34-2
Added Pin To Net: NetName=GND Pin=C35-1
Added Pin To Net: NetName=NetC35_2 Pin=C35-2
Added Pin To Net: NetName=NetC36_1 Pin=C36-1
Added Pin To Net: NetName=GND Pin=C36-2
Added Pin To Net: NetName=NetC37_1 Pin=C37-1
Added Pin To Net: NetName=GND Pin=C37-2
Added Pin To Net: NetName=GND Pin=C40-1
Added Pin To Net: NetName=+12V Pin=C40-2
Added Pin To Net: NetName=GND Pin=C41-1
Added Pin To Net: NetName=+12V Pin=C41-2
Added Pin To Net: NetName=VCC Pin=C42-1
Added Pin To Net: NetName=GND Pin=C42-2
Added Pin To Net: NetName=VCC2 Pin=C43-1
Added Pin To Net: NetName=GND Pin=C43-2
Added Pin To Net: NetName=VCC Pin=D1-A
Added Pin To Net: NetName=NetD1_K Pin=D1-K
Added Pin To Net: NetName=NetBATT1_2 Pin=D2-A
Added Pin To Net: NetName=NetD1_K Pin=D2-K
Added Pin To Net: NetName=NetD3_1 Pin=D3-1
Added Pin To Net: NetName=NetD3_2 Pin=D3-2
Added Pin To Net: NetName=NetD3_2 Pin=D4-1
Added Pin To Net: NetName=NetD4_2 Pin=D4-2
Added Pin To Net: NetName=NetD5_1 Pin=D5-1
Added Pin To Net: NetName=NetC29_2 Pin=D5-2
Added Pin To Net: NetName=NetIC1_1 Pin=IC1-1
Added Pin To Net: NetName=NetIC1_2 Pin=IC1-2
Added Pin To Net: NetName=NetIC1_3 Pin=IC1-3
Added Pin To Net: NetName=GND Pin=IC1-4
Added Pin To Net: NetName=NetIC1_5 Pin=IC1-5
Added Pin To Net: NetName=NetIC1_6 Pin=IC1-6
Added Pin To Net: NetName=NetIC1_7 Pin=IC1-7
Added Pin To Net: NetName=VCC Pin=IC1-8
Added Pin To Net: NetName=NetD5_1 Pin=IC3-1
Added Pin To Net: NetName=GND Pin=IC3-2
Added Pin To Net: NetName=NetIC3_3 Pin=IC3-3
Added Pin To Net: NetName=NetIC3_4 Pin=IC3-4
Added Pin To Net: NetName=VCC2 Pin=IC3-5
Added Pin To Net: NetName=+12V Pin=J1-1
Added Pin To Net: NetName=+12V Pin=J1-2
Added Pin To Net: NetName=GND Pin=J1-3
Added Pin To Net: NetName=GND Pin=J1-4
Added Pin To Net: NetName=VCC Pin=J1-5
Added Pin To Net: NetName=VCC Pin=J1-6
Added Pin To Net: NetName=VCC2 Pin=J1-7
Added Pin To Net: NetName=VCC2 Pin=J1-8
Added Pin To Net: NetName=NetJ1_9 Pin=J1-9
Added Pin To Net: NetName=NetJ1_10 Pin=J1-10
Added Pin To Net: NetName=VCC2 Pin=L1-1
Added Pin To Net: NetName=NetD5_1 Pin=L1-2
Added Pin To Net: NetName=NetC28_2 Pin=Q1-1
Added Pin To Net: NetName=NetC27_2 Pin=Q1-2
Added Pin To Net: NetName=NetC28_2 Pin=Q2-1
Added Pin To Net: NetName=NetC27_2 Pin=Q2-2
Added Pin To Net: NetName=NetC37_1 Pin=Q3-1
Added Pin To Net: NetName=NetC36_1 Pin=Q3-2
Added Pin To Net: NetName=NetC37_1 Pin=Q4-1
Added Pin To Net: NetName=NetC36_1 Pin=Q4-2
Added Pin To Net: NetName=NetMC1_171 Pin=R1-1
Added Pin To Net: NetName=VCC Pin=R1-2
Added Pin To Net: NetName=NetIC1_1 Pin=R2-1
Added Pin To Net: NetName=VCC Pin=R2-2
Added Pin To Net: NetName=NetIC1_6 Pin=R3-1
Added Pin To Net: NetName=NetMC1_58 Pin=R3-2
Added Pin To Net: NetName=NetR4_1 Pin=R4-1
Added Pin To Net: NetName=NetMC1_122 Pin=R4-2
Added Pin To Net: NetName=NetR5_1 Pin=R5-1
Added Pin To Net: NetName=NetMC1_123 Pin=R5-2
Added Pin To Net: NetName=NetD4_2 Pin=R6-1
Added Pin To Net: NetName=VCC Pin=R6-2
Added Pin To Net: NetName=NetD4_2 Pin=R7-1
Added Pin To Net: NetName=VCC2 Pin=R7-2
Added Pin To Net: NetName=NetMC1_84 Pin=R8-1
Added Pin To Net: NetName=VCC Pin=R8-2
Added Pin To Net: NetName=NetMC1_85 Pin=R9-1
Added Pin To Net: NetName=VCC Pin=R9-2
Added Pin To Net: NetName=NetMC1_161 Pin=R10-1
Added Pin To Net: NetName=VCC Pin=R10-2
Added Pin To Net: NetName=NetMC1_162 Pin=R11-1
Added Pin To Net: NetName=VCC Pin=R11-2
Added Pin To Net: NetName=NetMC1_138 Pin=R12-1
Added Pin To Net: NetName=VCC Pin=R12-2
Added Pin To Net: NetName=NetMC1_124 Pin=R13-1
Added Pin To Net: NetName=VCC Pin=R13-2
Added Pin To Net: NetName=GND Pin=R14-1
Added Pin To Net: NetName=NetMC1_137 Pin=R14-2
Added Pin To Net: NetName=NetC35_2 Pin=R15-1
Added Pin To Net: NetName=VCC Pin=R15-2
Added Pin To Net: NetName=GND Pin=R16-1
Added Pin To Net: NetName=NetIC3_3 Pin=R16-2
Added Pin To Net: NetName=GND Pin=R17-1
Added Pin To Net: NetName=NetMC1_166 Pin=R17-2
Added Pin To Net: NetName=NetR18_1 Pin=R18-1
Added Pin To Net: NetName=VCC Pin=R18-2
Added Pin To Net: NetName=NetR19_1 Pin=R19-1
Added Pin To Net: NetName=NetR18_1 Pin=R19-2
Added Pin To Net: NetName=GND Pin=R20-1
Added Pin To Net: NetName=NetMC1_48 Pin=R20-2
Added Pin To Net: NetName=NetC35_2 Pin=R21-1
Added Pin To Net: NetName=NetR19_1 Pin=R21-2
Added Pin To Net: NetName=VCC Pin=S1-1
Added Pin To Net: NetName=NetMC1_166 Pin=S1-3
Added Pin To Net: NetName=NetD3_1 Pin=ST1-1
Added Pin To Net: NetName=NetR4_1 Pin=ST1-2
Added Pin To Net: NetName=NetR5_1 Pin=ST1-3
Added Pin To Net: NetName=GND Pin=ST1-5
Added Pin To Net: NetName=VCC Pin=ST2-1
Added Pin To Net: NetName=NetMC1_124 Pin=ST2-2
Added Pin To Net: NetName=GND Pin=ST2-3
Added Pin To Net: NetName=NetMC1_137 Pin=ST2-4
Added Pin To Net: NetName=NetMC1_161 Pin=ST2-6
Added Pin To Net: NetName=NetMC1_138 Pin=ST2-8
Added Pin To Net: NetName=NetMC1_162 Pin=ST2-9
Added Pin To Net: NetName=NetC35_2 Pin=ST2-10
Added Pin To Net: NetName=+12V Pin=ST5-1
Added Pin To Net: NetName=+12V Pin=ST5-2
Added Pin To Net: NetName=GND Pin=ST5-3
Added Pin To Net: NetName=GND Pin=ST5-4
Added Pin To Net: NetName=VCC Pin=ST5-5
Added Pin To Net: NetName=VCC Pin=ST5-6
Added Pin To Net: NetName=VCC2 Pin=ST5-7
Added Pin To Net: NetName=VCC2 Pin=ST5-8
Added Pin To Net: NetName=NetJ1_9 Pin=ST5-9
Added Pin To Net: NetName=NetJ1_10 Pin=ST5-10
Added Pin To Net: NetName=GND Pin=U2-1
Added Pin To Net: NetName=VCC Pin=U2-2
Added Pin To Net: NetName=+12V Pin=U2-3
Added Pin To Net: NetName=GND Pin=U3-1
Added Pin To Net: NetName=VCC2 Pin=U3-2
Added Pin To Net: NetName=+12V Pin=U3-3
Added Member To Class: ClassName=Prozessor Member=Component BATT1 CR2032PCB
Added Member To Class: ClassName=Prozessor Member=Component C1 100nF
Added Member To Class: ClassName=Prozessor Member=Component C2 100nF
Added Member To Class: ClassName=Prozessor Member=Component C3 100nF
Added Member To Class: ClassName=Prozessor Member=Component C4 100nF
Added Member To Class: ClassName=Prozessor Member=Component C5 100nF
Added Member To Class: ClassName=Prozessor Member=Component C6 100nF
Added Member To Class: ClassName=Prozessor Member=Component C7 100nF
Added Member To Class: ClassName=Prozessor Member=Component C8 100nF
Added Member To Class: ClassName=Prozessor Member=Component C9 100nF
Added Member To Class: ClassName=Prozessor Member=Component C10 1uF
Added Member To Class: ClassName=Prozessor Member=Component C11 100nF
Added Member To Class: ClassName=Prozessor Member=Component C12 1uF
Added Member To Class: ClassName=Prozessor Member=Component C13 100nF
Added Member To Class: ClassName=Prozessor Member=Component C14 100nF
Added Member To Class: ClassName=Prozessor Member=Component C15 100nF
Added Member To Class: ClassName=Prozessor Member=Component C16 100nF
Added Member To Class: ClassName=Prozessor Member=Component C17 100nF
Added Member To Class: ClassName=Prozessor Member=Component C18 100nF
Added Member To Class: ClassName=Prozessor Member=Component C19 100nF
Added Member To Class: ClassName=Prozessor Member=Component C20 100nF
Added Member To Class: ClassName=Prozessor Member=Component C21 100nF
Added Member To Class: ClassName=Prozessor Member=Component C22 100nF
Added Member To Class: ClassName=Prozessor Member=Component C23 100nF
Added Member To Class: ClassName=Prozessor Member=Component C24 100nF
Added Member To Class: ClassName=Prozessor Member=Component C25 100nF
Added Member To Class: ClassName=Prozessor Member=Component C26 100nF
Added Member To Class: ClassName=Prozessor Member=Component C27 22pF
Added Member To Class: ClassName=Prozessor Member=Component C28 22pF
Added Member To Class: ClassName=Prozessor Member=Component C29 100nF
Added Member To Class: ClassName=Prozessor Member=Component C30 2,2uF
Added Member To Class: ClassName=Prozessor Member=Component C31 100nF
Added Member To Class: ClassName=Prozessor Member=Component C32 100nF
Added Member To Class: ClassName=Prozessor Member=Component C33 2,2uF
Added Member To Class: ClassName=Prozessor Member=Component C34 2,2uF
Added Member To Class: ClassName=Prozessor Member=Component C35 220nF
Added Member To Class: ClassName=Prozessor Member=Component C36 10pF
Added Member To Class: ClassName=Prozessor Member=Component C37 10pF
Added Member To Class: ClassName=Spannungsversorgung Member=Component C40 100nF
Added Member To Class: ClassName=Spannungsversorgung Member=Component C41 100nF
Added Member To Class: ClassName=Spannungsversorgung Member=Component C42 100uF/35V
Added Member To Class: ClassName=Spannungsversorgung Member=Component C43 100uF/35V
Added Member To Class: ClassName=Prozessor Member=Component D1 BAS32
Added Member To Class: ClassName=Prozessor Member=Component D2 BAS32
Added Member To Class: ClassName=Prozessor Member=Component D3 S1D
Added Member To Class: ClassName=Prozessor Member=Component D4 S1D
Added Member To Class: ClassName=Prozessor Member=Component D5 SS16T3G
Added Member To Class: ClassName=Prozessor Member=Component IC1 MT25QL128ABA1ESE-0SIT
Added Member To Class: ClassName=Prozessor Member=Component IC3 CAT4238 / SOT23-5
Added Member To Class: ClassName=Spannungsversorgung Member=Component J1 JUMP / 1-10
Added Member To Class: ClassName=Prozessor Member=Component L1 47uH
Added Member To Class: ClassName=Prozessor Member=Component Q1 25MHz
Added Member To Class: ClassName=Prozessor Member=Component Q2 25MHz
Added Member To Class: ClassName=Prozessor Member=Component Q3 32.768KHz
Added Member To Class: ClassName=Prozessor Member=Component Q4 32.768KHz
Added Member To Class: ClassName=Prozessor Member=Component R1 10K
Added Member To Class: ClassName=Prozessor Member=Component R2 10K
Added Member To Class: ClassName=Prozessor Member=Component R3 0R
Added Member To Class: ClassName=Prozessor Member=Component R4 15R
Added Member To Class: ClassName=Prozessor Member=Component R5 15R
Added Member To Class: ClassName=Prozessor Member=Component R6 0R
Added Member To Class: ClassName=Prozessor Member=Component R7 0R
Added Member To Class: ClassName=Prozessor Member=Component R8 2,7K
Added Member To Class: ClassName=Prozessor Member=Component R9 2,7K
Added Member To Class: ClassName=Prozessor Member=Component R10 10K
Added Member To Class: ClassName=Prozessor Member=Component R11 10K
Added Member To Class: ClassName=Prozessor Member=Component R12 10K
Added Member To Class: ClassName=Prozessor Member=Component R13 10K
Added Member To Class: ClassName=Prozessor Member=Component R14 10K
Added Member To Class: ClassName=Prozessor Member=Component R15 47K
Added Member To Class: ClassName=Prozessor Member=Component R16 22R
Added Member To Class: ClassName=Prozessor Member=Component R17 10K
Added Member To Class: ClassName=Prozessor Member=Component R18 47K
Added Member To Class: ClassName=Prozessor Member=Component R19 0R
Added Member To Class: ClassName=Prozessor Member=Component R20 10K
Added Member To Class: ClassName=Prozessor Member=Component R21 0R
Added Member To Class: ClassName=Prozessor Member=Component S1 DTS62
Added Member To Class: ClassName=Prozessor Member=Component ST1 Micro USB Typ B stehend
Added Member To Class: ClassName=Prozessor Member=Component ST2 ARM JTAG Nadeladapter 10-Pin
Added Member To Class: ClassName=Spannungsversorgung Member=Component ST5 WLEISTE10
Added Member To Class: ClassName=Spannungsversorgung Member=Component U2 LD33V
Added Member To Class: ClassName=Spannungsversorgung Member=Component U3 LD33V
