Added Component: Designator=BATT1(KnopfzellenhalterCR2032)
Add component. Clean all parameters for all variants
Added Component: Designator=C1(C0603)
Add component. Clean all parameters for all variants
Added Component: Designator=C2(C0603)
Add component. Clean all parameters for all variants
Added Component: Designator=C3(C0603)
Add component. Clean all parameters for all variants
Added Component: Designator=C4(C0603)
Add component. Clean all parameters for all variants
Added Component: Designator=C5(C0603)
Add component. Clean all parameters for all variants
Added Component: Designator=C6(C0603)
Add component. Clean all parameters for all variants
Added Component: Designator=C7(C0603)
Add component. Clean all parameters for all variants
Added Component: Designator=C8(C0603)
Add component. Clean all parameters for all variants
Added Component: Designator=C9(C0603)
Add component. Clean all parameters for all variants
Added Component: Designator=C10(Alu-Elko4x5)
Add component. Clean all parameters for all variants
Added Component: Designator=C11(C0603)
Add component. Clean all parameters for all variants
Added Component: Designator=C12(Alu-Elko4x5)
Add component. Clean all parameters for all variants
Added Component: Designator=C13(C0603)
Add component. Clean all parameters for all variants
Added Component: Designator=C14(C0603)
Add component. Clean all parameters for all variants
Added Component: Designator=C15(C0603)
Add component. Clean all parameters for all variants
Added Component: Designator=C16(C0603)
Add component. Clean all parameters for all variants
Added Component: Designator=C17(C0603)
Add component. Clean all parameters for all variants
Added Component: Designator=C18(C0603)
Add component. Clean all parameters for all variants
Added Component: Designator=C19(C0603)
Add component. Clean all parameters for all variants
Added Component: Designator=C20(C0603)
Add component. Clean all parameters for all variants
Added Component: Designator=C21(C0603)
Add component. Clean all parameters for all variants
Added Component: Designator=C22(C0603)
Add component. Clean all parameters for all variants
Added Component: Designator=C23(C0603)
Add component. Clean all parameters for all variants
Added Component: Designator=C24(C0603)
Add component. Clean all parameters for all variants
Added Component: Designator=C25(C0603)
Add component. Clean all parameters for all variants
Added Component: Designator=C26(C0603)
Add component. Clean all parameters for all variants
Added Component: Designator=C27(C0603)
Add component. Clean all parameters for all variants
Added Component: Designator=C28(C0603)
Add component. Clean all parameters for all variants
Added Component: Designator=C29(C0603)
Add component. Clean all parameters for all variants
Added Component: Designator=C30(CB)
Add component. Clean all parameters for all variants
Added Component: Designator=C31(C0603)
Add component. Clean all parameters for all variants
Added Component: Designator=C32(C0603)
Add component. Clean all parameters for all variants
Added Component: Designator=C33(C1206)
Add component. Clean all parameters for all variants
Added Component: Designator=C34(C1206)
Add component. Clean all parameters for all variants
Added Component: Designator=C35(C0603)
Add component. Clean all parameters for all variants
Added Component: Designator=C36(C0603)
Add component. Clean all parameters for all variants
Added Component: Designator=C37(C0603)
Add component. Clean all parameters for all variants
Added Component: Designator=C38(C0603)
Add component. Clean all parameters for all variants
Added Component: Designator=C39(RADIAL_RM5)
Add component. Clean all parameters for all variants
Added Component: Designator=C40(C0603)
Add component. Clean all parameters for all variants
Added Component: Designator=C41(C0603)
Add component. Clean all parameters for all variants
Added Component: Designator=C42(RADIAL_RM3.8)
Add component. Clean all parameters for all variants
Added Component: Designator=C43(RADIAL_RM3.8)
Add component. Clean all parameters for all variants
Added Component: Designator=D1(Minimelf)
Add component. Clean all parameters for all variants
Added Component: Designator=D2(Minimelf)
Add component. Clean all parameters for all variants
Added Component: Designator=D3(DO214AC/SMA)
Add component. Clean all parameters for all variants
Added Component: Designator=D4(DO214AC/SMA)
Add component. Clean all parameters for all variants
Added Component: Designator=D5(DO214AC/SMA)
Add component. Clean all parameters for all variants
Added Component: Designator=IC1(SOP2-8-208 (SO8W))
Add component. Clean all parameters for all variants
Added Component: Designator=IC2(TSSOP(2)54)
Add component. Clean all parameters for all variants
Added Component: Designator=IC3(SOT23-5)
Add component. Clean all parameters for all variants
Added Component: Designator=J1(JUMPER1/8)
Add component. Clean all parameters for all variants
Added Component: Designator=L1(P8X9)
Add component. Clean all parameters for all variants
Added Component: Designator=MC1(QFP24x24-176-05)
Add component. Clean all parameters for all variants
Added Component: Designator=Q1(HC49S4SMD)
Add component. Clean all parameters for all variants
Added Component: Designator=Q2(SMD Uhrenquarz)
Add component. Clean all parameters for all variants
Added Component: Designator=R1(R0603)
Add component. Clean all parameters for all variants
Added Component: Designator=R2(R0603)
Add component. Clean all parameters for all variants
Added Component: Designator=R3(R0603)
Add component. Clean all parameters for all variants
Added Component: Designator=R4(R0603)
Add component. Clean all parameters for all variants
Added Component: Designator=R5(R0603)
Add component. Clean all parameters for all variants
Added Component: Designator=R6(R0603)
Add component. Clean all parameters for all variants
Added Component: Designator=R7(R0603)
Add component. Clean all parameters for all variants
Added Component: Designator=R8(R0603)
Add component. Clean all parameters for all variants
Added Component: Designator=R9(R0603)
Add component. Clean all parameters for all variants
Added Component: Designator=R10(R0603)
Add component. Clean all parameters for all variants
Added Component: Designator=R11(R0603)
Add component. Clean all parameters for all variants
Added Component: Designator=R12(R0603)
Add component. Clean all parameters for all variants
Added Component: Designator=R13(R0603)
Add component. Clean all parameters for all variants
Added Component: Designator=R14(R0603)
Add component. Clean all parameters for all variants
Added Component: Designator=R15(R0603)
Add component. Clean all parameters for all variants
Added Component: Designator=R16(R0603)
Add component. Clean all parameters for all variants
Added Component: Designator=R17(R0603)
Add component. Clean all parameters for all variants
Added Component: Designator=R18(R0603)
Add component. Clean all parameters for all variants
Added Component: Designator=R19(R0603)
Add component. Clean all parameters for all variants
Added Component: Designator=R20(R0603)
Add component. Clean all parameters for all variants
Added Component: Designator=R21(R0603)
Add component. Clean all parameters for all variants
Added Component: Designator=S1(DTS62)
Add component. Clean all parameters for all variants
Added Component: Designator=ST1(Micro_USB_B)
Add component. Clean all parameters for all variants
Added Component: Designator=ST2(NADELADAPTER-10)
Add component. Clean all parameters for all variants
Added Component: Designator=ST3(ZIF Connector 40pol)
Add component. Clean all parameters for all variants
Added Component: Designator=ST4(ZIF Connector 6pol)
Add component. Clean all parameters for all variants
Added Component: Designator=ST5(WLEISTE10_GERADE)
Add component. Clean all parameters for all variants
Added Component: Designator=U1(DPAK)
Add component. Clean all parameters for all variants
Added Component: Designator=U2(TO-220-L)
Add component. Clean all parameters for all variants
Added Component: Designator=U3(TO-220-L)
Add component. Clean all parameters for all variants
Added Pin To Net: NetName=+5V Pin=C39-1
Added Pin To Net: NetName=+5V Pin=J1-3
Added Pin To Net: NetName=+5V Pin=ST5-3
Added Pin To Net: NetName=+5V Pin=U1-3
Added Net: Name=+5V
Added Pin To Net: NetName=+12V Pin=C38-2
Added Pin To Net: NetName=+12V Pin=C40-2
Added Pin To Net: NetName=+12V Pin=C41-2
Added Pin To Net: NetName=+12V Pin=J1-4
Added Pin To Net: NetName=+12V Pin=ST5-4
Added Pin To Net: NetName=+12V Pin=U1-1
Added Pin To Net: NetName=+12V Pin=U2-3
Added Pin To Net: NetName=+12V Pin=U3-3
Added Net: Name=+12V
Added Pin To Net: NetName=GND Pin=BATT1-1
Added Pin To Net: NetName=GND Pin=C1-1
Added Pin To Net: NetName=GND Pin=C2-1
Added Pin To Net: NetName=GND Pin=C3-1
Added Pin To Net: NetName=GND Pin=C4-1
Added Pin To Net: NetName=GND Pin=C5-1
Added Pin To Net: NetName=GND Pin=C6-1
Added Pin To Net: NetName=GND Pin=C7-1
Added Pin To Net: NetName=GND Pin=C8-1
Added Pin To Net: NetName=GND Pin=C9-1
Added Pin To Net: NetName=GND Pin=C10-2
Added Pin To Net: NetName=GND Pin=C11-1
Added Pin To Net: NetName=GND Pin=C12-2
Added Pin To Net: NetName=GND Pin=C13-1
Added Pin To Net: NetName=GND Pin=C14-1
Added Pin To Net: NetName=GND Pin=C15-1
Added Pin To Net: NetName=GND Pin=C16-1
Added Pin To Net: NetName=GND Pin=C17-1
Added Pin To Net: NetName=GND Pin=C18-1
Added Pin To Net: NetName=GND Pin=C19-1
Added Pin To Net: NetName=GND Pin=C20-1
Added Pin To Net: NetName=GND Pin=C21-1
Added Pin To Net: NetName=GND Pin=C22-1
Added Pin To Net: NetName=GND Pin=C23-1
Added Pin To Net: NetName=GND Pin=C24-1
Added Pin To Net: NetName=GND Pin=C25-1
Added Pin To Net: NetName=GND Pin=C26-1
Added Pin To Net: NetName=GND Pin=C27-1
Added Pin To Net: NetName=GND Pin=C28-1
Added Pin To Net: NetName=GND Pin=C29-1
Added Pin To Net: NetName=GND Pin=C30-1
Added Pin To Net: NetName=GND Pin=C31-1
Added Pin To Net: NetName=GND Pin=C32-1
Added Pin To Net: NetName=GND Pin=C33-2
Added Pin To Net: NetName=GND Pin=C34-2
Added Pin To Net: NetName=GND Pin=C35-1
Added Pin To Net: NetName=GND Pin=C36-2
Added Pin To Net: NetName=GND Pin=C37-2
Added Pin To Net: NetName=GND Pin=C38-1
Added Pin To Net: NetName=GND Pin=C39-2
Added Pin To Net: NetName=GND Pin=C40-1
Added Pin To Net: NetName=GND Pin=C41-1
Added Pin To Net: NetName=GND Pin=C42-2
Added Pin To Net: NetName=GND Pin=C43-2
Added Pin To Net: NetName=GND Pin=IC1-4
Added Pin To Net: NetName=GND Pin=IC2-6
Added Pin To Net: NetName=GND Pin=IC2-12
Added Pin To Net: NetName=GND Pin=IC2-28
Added Pin To Net: NetName=GND Pin=IC2-41
Added Pin To Net: NetName=GND Pin=IC2-46
Added Pin To Net: NetName=GND Pin=IC2-52
Added Pin To Net: NetName=GND Pin=IC2-54
Added Pin To Net: NetName=GND Pin=J1-5
Added Pin To Net: NetName=GND Pin=J1-6
Added Pin To Net: NetName=GND Pin=MC1-14
Added Pin To Net: NetName=GND Pin=MC1-22
Added Pin To Net: NetName=GND Pin=MC1-37
Added Pin To Net: NetName=GND Pin=MC1-61
Added Pin To Net: NetName=GND Pin=MC1-71
Added Pin To Net: NetName=GND Pin=MC1-90
Added Pin To Net: NetName=GND Pin=MC1-102
Added Pin To Net: NetName=GND Pin=MC1-113
Added Pin To Net: NetName=GND Pin=MC1-126
Added Pin To Net: NetName=GND Pin=MC1-135
Added Pin To Net: NetName=GND Pin=MC1-148
Added Pin To Net: NetName=GND Pin=MC1-158
Added Pin To Net: NetName=GND Pin=R14-1
Added Pin To Net: NetName=GND Pin=R17-1
Added Pin To Net: NetName=GND Pin=R20-1
Added Pin To Net: NetName=GND Pin=ST1-5
Added Pin To Net: NetName=GND Pin=ST2-3
Added Pin To Net: NetName=GND Pin=ST3-3
Added Pin To Net: NetName=GND Pin=ST3-29
Added Pin To Net: NetName=GND Pin=ST3-35
Added Pin To Net: NetName=GND Pin=ST3-36
Added Pin To Net: NetName=GND Pin=ST4-6
Added Pin To Net: NetName=GND Pin=ST5-5
Added Pin To Net: NetName=GND Pin=ST5-6
Added Pin To Net: NetName=GND Pin=ST5-7
Added Pin To Net: NetName=GND Pin=ST5-8
Added Pin To Net: NetName=GND Pin=U1-2
Added Pin To Net: NetName=GND Pin=U2-1
Added Pin To Net: NetName=GND Pin=U3-1
Added Net: Name=GND
Added Pin To Net: NetName=NetBATT1_2 Pin=BATT1-2
Added Pin To Net: NetName=NetBATT1_2 Pin=D2-A
Added Net: Name=NetBATT1_2
Added Pin To Net: NetName=NetC27_2 Pin=C27-2
Added Pin To Net: NetName=NetC27_2 Pin=MC1-29
Added Pin To Net: NetName=NetC27_2 Pin=Q1-2
Added Net: Name=NetC27_2
Added Pin To Net: NetName=NetC28_2 Pin=C28-2
Added Pin To Net: NetName=NetC28_2 Pin=MC1-30
Added Pin To Net: NetName=NetC28_2 Pin=Q1-1
Added Net: Name=NetC28_2
Added Pin To Net: NetName=NetC29_2 Pin=C29-2
Added Pin To Net: NetName=NetC29_2 Pin=D5-2
Added Pin To Net: NetName=NetC29_2 Pin=ST3-2
Added Net: Name=NetC29_2
Added Pin To Net: NetName=NetC33_1 Pin=C33-1
Added Pin To Net: NetName=NetC33_1 Pin=MC1-81
Added Net: Name=NetC33_1
Added Pin To Net: NetName=NetC34_1 Pin=C34-1
Added Pin To Net: NetName=NetC34_1 Pin=MC1-125
Added Net: Name=NetC34_1
Added Pin To Net: NetName=NetC35_2 Pin=C35-2
Added Pin To Net: NetName=NetC35_2 Pin=MC1-31
Added Pin To Net: NetName=NetC35_2 Pin=MC1-145
Added Pin To Net: NetName=NetC35_2 Pin=R15-1
Added Pin To Net: NetName=NetC35_2 Pin=R21-1
Added Pin To Net: NetName=NetC35_2 Pin=ST2-10
Added Net: Name=NetC35_2
Added Pin To Net: NetName=NetC36_1 Pin=C36-1
Added Pin To Net: NetName=NetC36_1 Pin=MC1-9
Added Pin To Net: NetName=NetC36_1 Pin=Q2-2
Added Net: Name=NetC36_1
Added Pin To Net: NetName=NetC37_1 Pin=C37-1
Added Pin To Net: NetName=NetC37_1 Pin=MC1-10
Added Pin To Net: NetName=NetC37_1 Pin=Q2-1
Added Net: Name=NetC37_1
Added Pin To Net: NetName=NetD1_K Pin=D1-K
Added Pin To Net: NetName=NetD1_K Pin=D2-K
Added Pin To Net: NetName=NetD1_K Pin=MC1-6
Added Net: Name=NetD1_K
Added Pin To Net: NetName=NetD3_1 Pin=D3-1
Added Pin To Net: NetName=NetD3_1 Pin=ST1-1
Added Net: Name=NetD3_1
Added Pin To Net: NetName=NetD3_2 Pin=D3-2
Added Pin To Net: NetName=NetD3_2 Pin=D4-1
Added Net: Name=NetD3_2
Added Pin To Net: NetName=NetD4_2 Pin=D4-2
Added Pin To Net: NetName=NetD4_2 Pin=R6-1
Added Pin To Net: NetName=NetD4_2 Pin=R7-1
Added Net: Name=NetD4_2
Added Pin To Net: NetName=NetD5_1 Pin=D5-1
Added Pin To Net: NetName=NetD5_1 Pin=IC3-1
Added Pin To Net: NetName=NetD5_1 Pin=L1-2
Added Net: Name=NetD5_1
Added Pin To Net: NetName=NetIC1_1 Pin=IC1-1
Added Pin To Net: NetName=NetIC1_1 Pin=MC1-164
Added Pin To Net: NetName=NetIC1_1 Pin=R2-1
Added Net: Name=NetIC1_1
Added Pin To Net: NetName=NetIC1_2 Pin=IC1-2
Added Pin To Net: NetName=NetIC1_2 Pin=MC1-27
Added Net: Name=NetIC1_2
Added Pin To Net: NetName=NetIC1_3 Pin=IC1-3
Added Pin To Net: NetName=NetIC1_3 Pin=MC1-1
Added Net: Name=NetIC1_3
Added Pin To Net: NetName=NetIC1_5 Pin=IC1-5
Added Pin To Net: NetName=NetIC1_5 Pin=MC1-26
Added Net: Name=NetIC1_5
Added Pin To Net: NetName=NetIC1_6 Pin=IC1-6
Added Pin To Net: NetName=NetIC1_6 Pin=R3-1
Added Net: Name=NetIC1_6
Added Pin To Net: NetName=NetIC1_7 Pin=IC1-7
Added Pin To Net: NetName=NetIC1_7 Pin=MC1-24
Added Net: Name=NetIC1_7
Added Pin To Net: NetName=NetIC2_2 Pin=IC2-2
Added Pin To Net: NetName=NetIC2_2 Pin=MC1-104
Added Net: Name=NetIC2_2
Added Pin To Net: NetName=NetIC2_4 Pin=IC2-4
Added Pin To Net: NetName=NetIC2_4 Pin=MC1-105
Added Net: Name=NetIC2_4
Added Pin To Net: NetName=NetIC2_5 Pin=IC2-5
Added Pin To Net: NetName=NetIC2_5 Pin=MC1-142
Added Net: Name=NetIC2_5
Added Pin To Net: NetName=NetIC2_7 Pin=IC2-7
Added Pin To Net: NetName=NetIC2_7 Pin=MC1-143
Added Net: Name=NetIC2_7
Added Pin To Net: NetName=NetIC2_8 Pin=IC2-8
Added Pin To Net: NetName=NetIC2_8 Pin=MC1-68
Added Net: Name=NetIC2_8
Added Pin To Net: NetName=NetIC2_10 Pin=IC2-10
Added Pin To Net: NetName=NetIC2_10 Pin=MC1-69
Added Net: Name=NetIC2_10
Added Pin To Net: NetName=NetIC2_11 Pin=IC2-11
Added Pin To Net: NetName=NetIC2_11 Pin=MC1-70
Added Net: Name=NetIC2_11
Added Pin To Net: NetName=NetIC2_13 Pin=IC2-13
Added Pin To Net: NetName=NetIC2_13 Pin=MC1-73
Added Net: Name=NetIC2_13
Added Pin To Net: NetName=NetIC2_15 Pin=IC2-15
Added Pin To Net: NetName=NetIC2_15 Pin=MC1-169
Added Net: Name=NetIC2_15
Added Pin To Net: NetName=NetIC2_16 Pin=IC2-16
Added Pin To Net: NetName=NetIC2_16 Pin=MC1-46
Added Net: Name=NetIC2_16
Added Pin To Net: NetName=NetIC2_17 Pin=IC2-17
Added Pin To Net: NetName=NetIC2_17 Pin=MC1-160
Added Net: Name=NetIC2_17
Added Pin To Net: NetName=NetIC2_18 Pin=IC2-18
Added Pin To Net: NetName=NetIC2_18 Pin=MC1-59
Added Net: Name=NetIC2_18
Added Pin To Net: NetName=NetIC2_19 Pin=IC2-19
Added Pin To Net: NetName=NetIC2_19 Pin=MC1-34
Added Net: Name=NetIC2_19
Added Pin To Net: NetName=NetIC2_20 Pin=IC2-20
Added Net: Name=NetIC2_20
Added Pin To Net: NetName=NetIC2_21 Pin=IC2-21
Added Net: Name=NetIC2_21
Added Pin To Net: NetName=NetIC2_22 Pin=IC2-22
Added Pin To Net: NetName=NetIC2_22 Pin=MC1-66
Added Net: Name=NetIC2_22
Added Pin To Net: NetName=NetIC2_23 Pin=IC2-23
Added Pin To Net: NetName=NetIC2_23 Pin=MC1-16
Added Net: Name=NetIC2_23
Added Pin To Net: NetName=NetIC2_24 Pin=IC2-24
Added Pin To Net: NetName=NetIC2_24 Pin=MC1-17
Added Net: Name=NetIC2_24
Added Pin To Net: NetName=NetIC2_25 Pin=IC2-25
Added Pin To Net: NetName=NetIC2_25 Pin=MC1-18
Added Net: Name=NetIC2_25
Added Pin To Net: NetName=NetIC2_26 Pin=IC2-26
Added Pin To Net: NetName=NetIC2_26 Pin=MC1-19
Added Net: Name=NetIC2_26
Added Pin To Net: NetName=NetIC2_29 Pin=IC2-29
Added Pin To Net: NetName=NetIC2_29 Pin=MC1-20
Added Net: Name=NetIC2_29
Added Pin To Net: NetName=NetIC2_30 Pin=IC2-30
Added Pin To Net: NetName=NetIC2_30 Pin=MC1-21
Added Net: Name=NetIC2_30
Added Pin To Net: NetName=NetIC2_31 Pin=IC2-31
Added Pin To Net: NetName=NetIC2_31 Pin=MC1-60
Added Net: Name=NetIC2_31
Added Pin To Net: NetName=NetIC2_32 Pin=IC2-32
Added Pin To Net: NetName=NetIC2_32 Pin=MC1-63
Added Net: Name=NetIC2_32
Added Pin To Net: NetName=NetIC2_33 Pin=IC2-33
Added Pin To Net: NetName=NetIC2_33 Pin=MC1-64
Added Net: Name=NetIC2_33
Added Pin To Net: NetName=NetIC2_34 Pin=IC2-34
Added Pin To Net: NetName=NetIC2_34 Pin=MC1-65
Added Net: Name=NetIC2_34
Added Pin To Net: NetName=NetIC2_35 Pin=IC2-35
Added Pin To Net: NetName=NetIC2_35 Pin=MC1-67
Added Net: Name=NetIC2_35
Added Pin To Net: NetName=NetIC2_37 Pin=IC2-37
Added Pin To Net: NetName=NetIC2_37 Pin=MC1-35
Added Net: Name=NetIC2_37
Added Pin To Net: NetName=NetIC2_38 Pin=IC2-38
Added Pin To Net: NetName=NetIC2_38 Pin=MC1-112
Added Net: Name=NetIC2_38
Added Pin To Net: NetName=NetIC2_39 Pin=IC2-39
Added Pin To Net: NetName=NetIC2_39 Pin=MC1-170
Added Net: Name=NetIC2_39
Added Pin To Net: NetName=NetIC2_42 Pin=IC2-42
Added Pin To Net: NetName=NetIC2_42 Pin=MC1-74
Added Net: Name=NetIC2_42
Added Pin To Net: NetName=NetIC2_44 Pin=IC2-44
Added Pin To Net: NetName=NetIC2_44 Pin=MC1-75
Added Net: Name=NetIC2_44
Added Pin To Net: NetName=NetIC2_45 Pin=IC2-45
Added Pin To Net: NetName=NetIC2_45 Pin=MC1-76
Added Net: Name=NetIC2_45
Added Pin To Net: NetName=NetIC2_47 Pin=IC2-47
Added Pin To Net: NetName=NetIC2_47 Pin=MC1-77
Added Net: Name=NetIC2_47
Added Pin To Net: NetName=NetIC2_48 Pin=IC2-48
Added Pin To Net: NetName=NetIC2_48 Pin=MC1-78
Added Net: Name=NetIC2_48
Added Pin To Net: NetName=NetIC2_50 Pin=IC2-50
Added Pin To Net: NetName=NetIC2_50 Pin=MC1-96
Added Net: Name=NetIC2_50
Added Pin To Net: NetName=NetIC2_51 Pin=IC2-51
Added Pin To Net: NetName=NetIC2_51 Pin=MC1-97
Added Net: Name=NetIC2_51
Added Pin To Net: NetName=NetIC2_53 Pin=IC2-53
Added Pin To Net: NetName=NetIC2_53 Pin=MC1-98
Added Net: Name=NetIC2_53
Added Pin To Net: NetName=NetIC3_2 Pin=IC3-2
Added Pin To Net: NetName=NetIC3_2 Pin=R16-1
Added Net: Name=NetIC3_2
Added Pin To Net: NetName=NetIC3_3 Pin=IC3-3
Added Pin To Net: NetName=NetIC3_3 Pin=R16-2
Added Pin To Net: NetName=NetIC3_3 Pin=ST3-1
Added Net: Name=NetIC3_3
Added Pin To Net: NetName=NetIC3_4 Pin=IC3-4
Added Pin To Net: NetName=NetIC3_4 Pin=MC1-53
Added Net: Name=NetIC3_4
Added Pin To Net: NetName=NetJ1_7 Pin=J1-7
Added Pin To Net: NetName=NetJ1_7 Pin=MC1-121
Added Pin To Net: NetName=NetJ1_7 Pin=ST5-9
Added Net: Name=NetJ1_7
Added Pin To Net: NetName=NetJ1_8 Pin=J1-8
Added Pin To Net: NetName=NetJ1_8 Pin=MC1-120
Added Pin To Net: NetName=NetJ1_8 Pin=ST5-10
Added Net: Name=NetJ1_8
Added Pin To Net: NetName=NetMC1_3 Pin=MC1-3
Added Pin To Net: NetName=NetMC1_3 Pin=ST3-21
Added Net: Name=NetMC1_3
Added Pin To Net: NetName=NetMC1_4 Pin=MC1-4
Added Pin To Net: NetName=NetMC1_4 Pin=ST3-13
Added Net: Name=NetMC1_4
Added Pin To Net: NetName=NetMC1_5 Pin=MC1-5
Added Pin To Net: NetName=NetMC1_5 Pin=ST3-14
Added Net: Name=NetMC1_5
Added Pin To Net: NetName=NetMC1_7 Pin=MC1-7
Added Pin To Net: NetName=NetMC1_7 Pin=ST4-5
Added Net: Name=NetMC1_7
Added Pin To Net: NetName=NetMC1_11 Pin=MC1-11
Added Pin To Net: NetName=NetMC1_11 Pin=ST3-33
Added Net: Name=NetMC1_11
Added Pin To Net: NetName=NetMC1_12 Pin=MC1-12
Added Pin To Net: NetName=NetMC1_12 Pin=ST3-32
Added Net: Name=NetMC1_12
Added Pin To Net: NetName=NetMC1_28 Pin=MC1-28
Added Pin To Net: NetName=NetMC1_28 Pin=ST3-34
Added Net: Name=NetMC1_28
Added Pin To Net: NetName=NetMC1_32 Pin=MC1-32
Added Pin To Net: NetName=NetMC1_32 Pin=ST3-10
Added Net: Name=NetMC1_32
Added Pin To Net: NetName=NetMC1_41 Pin=MC1-41
Added Pin To Net: NetName=NetMC1_41 Pin=ST3-7
Added Net: Name=NetMC1_41
Added Pin To Net: NetName=NetMC1_42 Pin=MC1-42
Added Pin To Net: NetName=NetMC1_42 Pin=ST3-6
Added Net: Name=NetMC1_42
Added Pin To Net: NetName=NetMC1_43 Pin=MC1-43
Added Pin To Net: NetName=NetMC1_43 Pin=ST3-5
Added Net: Name=NetMC1_43
Added Pin To Net: NetName=NetMC1_47 Pin=MC1-47
Added Pin To Net: NetName=NetMC1_47 Pin=ST3-26
Added Net: Name=NetMC1_47
Added Pin To Net: NetName=NetMC1_48 Pin=MC1-48
Added Pin To Net: NetName=NetMC1_48 Pin=R20-2
Added Net: Name=NetMC1_48
Added Pin To Net: NetName=NetMC1_51 Pin=MC1-51
Added Pin To Net: NetName=NetMC1_51 Pin=ST3-9
Added Net: Name=NetMC1_51
Added Pin To Net: NetName=NetMC1_52 Pin=MC1-52
Added Pin To Net: NetName=NetMC1_52 Pin=ST3-15
Added Net: Name=NetMC1_52
Added Pin To Net: NetName=NetMC1_56 Pin=MC1-56
Added Pin To Net: NetName=NetMC1_56 Pin=ST3-8
Added Net: Name=NetMC1_56
Added Pin To Net: NetName=NetMC1_57 Pin=MC1-57
Added Pin To Net: NetName=NetMC1_57 Pin=ST3-11
Added Net: Name=NetMC1_57
Added Pin To Net: NetName=NetMC1_58 Pin=MC1-58
Added Pin To Net: NetName=NetMC1_58 Pin=R3-2
Added Net: Name=NetMC1_58
Added Pin To Net: NetName=NetMC1_79 Pin=MC1-79
Added Pin To Net: NetName=NetMC1_79 Pin=ST3-17
Added Net: Name=NetMC1_79
Added Pin To Net: NetName=NetMC1_80 Pin=MC1-80
Added Pin To Net: NetName=NetMC1_80 Pin=ST3-18
Added Net: Name=NetMC1_80
Added Pin To Net: NetName=NetMC1_84 Pin=MC1-84
Added Pin To Net: NetName=NetMC1_84 Pin=R8-1
Added Pin To Net: NetName=NetMC1_84 Pin=ST4-1
Added Net: Name=NetMC1_84
Added Pin To Net: NetName=NetMC1_85 Pin=MC1-85
Added Pin To Net: NetName=NetMC1_85 Pin=R9-1
Added Pin To Net: NetName=NetMC1_85 Pin=ST4-2
Added Net: Name=NetMC1_85
Added Pin To Net: NetName=NetMC1_110 Pin=MC1-110
Added Pin To Net: NetName=NetMC1_110 Pin=ST3-12
Added Net: Name=NetMC1_110
Added Pin To Net: NetName=NetMC1_111 Pin=MC1-111
Added Pin To Net: NetName=NetMC1_111 Pin=ST3-30
Added Net: Name=NetMC1_111
Added Pin To Net: NetName=NetMC1_122 Pin=MC1-122
Added Pin To Net: NetName=NetMC1_122 Pin=R4-2
Added Net: Name=NetMC1_122
Added Pin To Net: NetName=NetMC1_123 Pin=MC1-123
Added Pin To Net: NetName=NetMC1_123 Pin=R5-2
Added Net: Name=NetMC1_123
Added Pin To Net: NetName=NetMC1_124 Pin=MC1-124
Added Pin To Net: NetName=NetMC1_124 Pin=R13-1
Added Pin To Net: NetName=NetMC1_124 Pin=ST2-2
Added Net: Name=NetMC1_124
Added Pin To Net: NetName=NetMC1_129 Pin=MC1-129
Added Pin To Net: NetName=NetMC1_129 Pin=ST3-16
Added Net: Name=NetMC1_129
Added Pin To Net: NetName=NetMC1_132 Pin=MC1-132
Added Pin To Net: NetName=NetMC1_132 Pin=ST3-19
Added Net: Name=NetMC1_132
Added Pin To Net: NetName=NetMC1_133 Pin=MC1-133
Added Pin To Net: NetName=NetMC1_133 Pin=ST3-20
Added Net: Name=NetMC1_133
Added Pin To Net: NetName=NetMC1_137 Pin=MC1-137
Added Pin To Net: NetName=NetMC1_137 Pin=R14-2
Added Pin To Net: NetName=NetMC1_137 Pin=ST2-4
Added Net: Name=NetMC1_137
Added Pin To Net: NetName=NetMC1_138 Pin=MC1-138
Added Pin To Net: NetName=NetMC1_138 Pin=R12-1
Added Pin To Net: NetName=NetMC1_138 Pin=ST2-8
Added Net: Name=NetMC1_138
Added Pin To Net: NetName=NetMC1_146 Pin=MC1-146
Added Pin To Net: NetName=NetMC1_146 Pin=ST3-31
Added Net: Name=NetMC1_146
Added Pin To Net: NetName=NetMC1_150 Pin=MC1-150
Added Pin To Net: NetName=NetMC1_150 Pin=ST3-23
Added Net: Name=NetMC1_150
Added Pin To Net: NetName=NetMC1_154 Pin=MC1-154
Added Pin To Net: NetName=NetMC1_154 Pin=ST3-24
Added Net: Name=NetMC1_154
Added Pin To Net: NetName=NetMC1_155 Pin=MC1-155
Added Pin To Net: NetName=NetMC1_155 Pin=ST3-22
Added Net: Name=NetMC1_155
Added Pin To Net: NetName=NetMC1_161 Pin=MC1-161
Added Pin To Net: NetName=NetMC1_161 Pin=R10-1
Added Pin To Net: NetName=NetMC1_161 Pin=ST2-6
Added Net: Name=NetMC1_161
Added Pin To Net: NetName=NetMC1_162 Pin=MC1-162
Added Pin To Net: NetName=NetMC1_162 Pin=R11-1
Added Pin To Net: NetName=NetMC1_162 Pin=ST2-9
Added Net: Name=NetMC1_162
Added Pin To Net: NetName=NetMC1_166 Pin=MC1-166
Added Pin To Net: NetName=NetMC1_166 Pin=R17-2
Added Pin To Net: NetName=NetMC1_166 Pin=S1-3
Added Net: Name=NetMC1_166
Added Pin To Net: NetName=NetMC1_168 Pin=MC1-168
Added Pin To Net: NetName=NetMC1_168 Pin=ST3-28
Added Net: Name=NetMC1_168
Added Pin To Net: NetName=NetMC1_171 Pin=MC1-171
Added Pin To Net: NetName=NetMC1_171 Pin=R1-1
Added Net: Name=NetMC1_171
Added Pin To Net: NetName=NetMC1_173 Pin=MC1-173
Added Pin To Net: NetName=NetMC1_173 Pin=ST3-25
Added Net: Name=NetMC1_173
Added Pin To Net: NetName=NetMC1_175 Pin=MC1-175
Added Pin To Net: NetName=NetMC1_175 Pin=ST3-27
Added Net: Name=NetMC1_175
Added Pin To Net: NetName=NetR4_1 Pin=R4-1
Added Pin To Net: NetName=NetR4_1 Pin=ST1-2
Added Net: Name=NetR4_1
Added Pin To Net: NetName=NetR5_1 Pin=R5-1
Added Pin To Net: NetName=NetR5_1 Pin=ST1-3
Added Net: Name=NetR5_1
Added Pin To Net: NetName=NetR18_1 Pin=R18-1
Added Pin To Net: NetName=NetR18_1 Pin=R19-2
Added Net: Name=NetR18_1
Added Pin To Net: NetName=NetR19_1 Pin=R19-1
Added Pin To Net: NetName=NetR19_1 Pin=R21-2
Added Pin To Net: NetName=NetR19_1 Pin=ST4-4
Added Net: Name=NetR19_1
Added Pin To Net: NetName=VCC2 Pin=C30-2
Added Pin To Net: NetName=VCC2 Pin=C31-2
Added Pin To Net: NetName=VCC2 Pin=C32-2
Added Pin To Net: NetName=VCC2 Pin=C43-1
Added Pin To Net: NetName=VCC2 Pin=IC3-5
Added Pin To Net: NetName=VCC2 Pin=J1-2
Added Pin To Net: NetName=VCC2 Pin=L1-1
Added Pin To Net: NetName=VCC2 Pin=R7-2
Added Pin To Net: NetName=VCC2 Pin=ST3-4
Added Pin To Net: NetName=VCC2 Pin=ST4-3
Added Pin To Net: NetName=VCC2 Pin=ST5-2
Added Pin To Net: NetName=VCC2 Pin=U3-2
Added Net: Name=VCC2
Added Pin To Net: NetName=VCC Pin=C1-2
Added Pin To Net: NetName=VCC Pin=C2-2
Added Pin To Net: NetName=VCC Pin=C3-2
Added Pin To Net: NetName=VCC Pin=C4-2
Added Pin To Net: NetName=VCC Pin=C5-2
Added Pin To Net: NetName=VCC Pin=C6-2
Added Pin To Net: NetName=VCC Pin=C7-2
Added Pin To Net: NetName=VCC Pin=C8-2
Added Pin To Net: NetName=VCC Pin=C9-2
Added Pin To Net: NetName=VCC Pin=C10-1
Added Pin To Net: NetName=VCC Pin=C11-2
Added Pin To Net: NetName=VCC Pin=C12-1
Added Pin To Net: NetName=VCC Pin=C13-2
Added Pin To Net: NetName=VCC Pin=C14-2
Added Pin To Net: NetName=VCC Pin=C15-2
Added Pin To Net: NetName=VCC Pin=C16-2
Added Pin To Net: NetName=VCC Pin=C17-2
Added Pin To Net: NetName=VCC Pin=C18-2
Added Pin To Net: NetName=VCC Pin=C19-2
Added Pin To Net: NetName=VCC Pin=C20-2
Added Pin To Net: NetName=VCC Pin=C21-2
Added Pin To Net: NetName=VCC Pin=C22-2
Added Pin To Net: NetName=VCC Pin=C23-2
Added Pin To Net: NetName=VCC Pin=C24-2
Added Pin To Net: NetName=VCC Pin=C25-2
Added Pin To Net: NetName=VCC Pin=C26-2
Added Pin To Net: NetName=VCC Pin=C42-1
Added Pin To Net: NetName=VCC Pin=D1-A
Added Pin To Net: NetName=VCC Pin=IC1-8
Added Pin To Net: NetName=VCC Pin=IC2-1
Added Pin To Net: NetName=VCC Pin=IC2-3
Added Pin To Net: NetName=VCC Pin=IC2-9
Added Pin To Net: NetName=VCC Pin=IC2-14
Added Pin To Net: NetName=VCC Pin=IC2-27
Added Pin To Net: NetName=VCC Pin=IC2-43
Added Pin To Net: NetName=VCC Pin=IC2-49
Added Pin To Net: NetName=VCC Pin=J1-1
Added Pin To Net: NetName=VCC Pin=MC1-15
Added Pin To Net: NetName=VCC Pin=MC1-23
Added Pin To Net: NetName=VCC Pin=MC1-36
Added Pin To Net: NetName=VCC Pin=MC1-38
Added Pin To Net: NetName=VCC Pin=MC1-39
Added Pin To Net: NetName=VCC Pin=MC1-49
Added Pin To Net: NetName=VCC Pin=MC1-62
Added Pin To Net: NetName=VCC Pin=MC1-72
Added Pin To Net: NetName=VCC Pin=MC1-82
Added Pin To Net: NetName=VCC Pin=MC1-91
Added Pin To Net: NetName=VCC Pin=MC1-103
Added Pin To Net: NetName=VCC Pin=MC1-114
Added Pin To Net: NetName=VCC Pin=MC1-127
Added Pin To Net: NetName=VCC Pin=MC1-136
Added Pin To Net: NetName=VCC Pin=MC1-149
Added Pin To Net: NetName=VCC Pin=MC1-159
Added Pin To Net: NetName=VCC Pin=MC1-172
Added Pin To Net: NetName=VCC Pin=R1-2
Added Pin To Net: NetName=VCC Pin=R2-2
Added Pin To Net: NetName=VCC Pin=R6-2
Added Pin To Net: NetName=VCC Pin=R8-2
Added Pin To Net: NetName=VCC Pin=R9-2
Added Pin To Net: NetName=VCC Pin=R10-2
Added Pin To Net: NetName=VCC Pin=R11-2
Added Pin To Net: NetName=VCC Pin=R12-2
Added Pin To Net: NetName=VCC Pin=R13-2
Added Pin To Net: NetName=VCC Pin=R15-2
Added Pin To Net: NetName=VCC Pin=R18-2
Added Pin To Net: NetName=VCC Pin=S1-1
Added Pin To Net: NetName=VCC Pin=ST2-1
Added Pin To Net: NetName=VCC Pin=ST5-1
Added Pin To Net: NetName=VCC Pin=U2-2
Added Net: Name=VCC
Added Class: Name=Prozessor
Added Class: Name=Spannungsversorgung
Added Room: Name=Prozessor
Added Room: Name=Spannungsversorgung
